Сборка начата 03.10.2024 16:31:52.
Уровень детализации журнала: Normal.     1>Проект "D:\oaип\лр3\Тарасеич лр3\Тарасеич лр3\Тарасеич лр3.vcxproj" в узле 2 (целевые объекты Build).
     1>PrepareForBuild:
         Структурированный вывод включен. Форматирование диагностики компилятора будет отражать иерархию ошибок. Подробнее см. https://aka.ms/cpp/structured-output.
       InitializeBuildStatus:
         Обращение к "x64\Debug\Тарасеич лр3.tlog\unsuccessfulbuild".
       ClCompile:
         C:\Program Files\Microsoft Visual Studio\2022\Community\VC\Tools\MSVC\14.41.34120\bin\HostX64\x64\CL.exe /c /ZI /JMC /nologo /W3 /WX- /diagnostics:column /sdl /Od /D _DEBUG /D _CONSOLE /D _UNICODE /D UNICODE /Gm- /EHsc /RTC1 /MDd /GS /fp:precise /Zc:wchar_t /Zc:forScope /Zc:inline /permissive- /Fo"x64\Debug\\" /Fd"x64\Debug\vc143.pdb" /external:W3 /Gd /TP /FC /errorReport:prompt main.cpp
         main.cpp
     1>D:\oaип\лр3\Тарасеич лр3\Тарасеич лр3\main.cpp(3,6): warning C4326: возвращаемый тип "main" должен быть "int", а не "void"
       Link:
         C:\Program Files\Microsoft Visual Studio\2022\Community\VC\Tools\MSVC\14.41.34120\bin\HostX64\x64\link.exe /ERRORREPORT:PROMPT /OUT:"D:\oaип\лр3\Тарасеич лр3\x64\Debug\Тарасеич лр3.exe" /INCREMENTAL /ILK:"x64\Debug\Тарасеич лр3.ilk" /NOLOGO kernel32.lib user32.lib gdi32.lib winspool.lib comdlg32.lib advapi32.lib shell32.lib ole32.lib oleaut32.lib uuid.lib odbc32.lib odbccp32.lib /MANIFEST /MANIFESTUAC:"level='asInvoker' uiAccess='false'" /manifest:embed /DEBUG /PDB:"D:\oaип\лр3\Тарасеич лр3\x64\Debug\Тарасеич лр3.pdb" /SUBSYSTEM:CONSOLE /TLBID:1 /DYNAMICBASE /NXCOMPAT /IMPLIB:"D:\oaип\лр3\Тарасеич лр3\x64\Debug\Тарасеич лр3.lib" /MACHINE:X64 x64\Debug\main.obj
         Тарасеич лр3.vcxproj -> D:\oaип\лр3\Тарасеич лр3\x64\Debug\Тарасеич лр3.exe
       FinalizeBuildStatus:
         Файл "x64\Debug\Тарасеич лр3.tlog\unsuccessfulbuild" удаляется.
         Обращение к "x64\Debug\Тарасеич лр3.tlog\Тарасеич лр3.lastbuildstate".
     1>Сборка проекта "D:\oaип\лр3\Тарасеич лр3\Тарасеич лр3\Тарасеич лр3.vcxproj" завершена (целевые объекты Build).

Сборка успешно завершена.

       "D:\oaип\лр3\Тарасеич лр3\Тарасеич лр3\Тарасеич лр3.vcxproj" (целевой объект Build ) (1) ->
       (Целевой объект ClCompile) -> 
         D:\oaип\лр3\Тарасеич лр3\Тарасеич лр3\main.cpp(3,6): warning C4326: возвращаемый тип "main" должен быть "int", а не "void"

    Предупреждений: 1
    Ошибок: 0

Прошло времени 00:00:01.56
